Removed Pin From Net: NetName=VAUX Pin=C4-1
Removed Pin From Net: NetName=VAUX Pin=U1-1
Removed Pin From Net: NetName=NetJ6_1 Pin=U1-2
Removed Pin From Net: NetName=NetJ3_1 Pin=U1-3
Removed Pin From Net: NetName=NetJ4_1 Pin=U1-6
Removed Pin From Net: NetName=VS2 Pin=U1-7
Removed Pin From Net: NetName=VS1 Pin=U1-8
Removed Pin From Net: NetName=NetC1_2 Pin=U1-10
Removed Pin From Net: NetName=NetC2_2 Pin=U1-11
Removed Pin From Net: NetName=NetT1_2 Pin=U1-12
Removed Pin From Net: NetName=GND Pin=U1-13
Change Component Footprint: Designator=U1 Old Footprint=LT-GN-16_L New Footprint=LT-GN-16_M
Change Component Comment : Designator=U1 Old Comment=LTC3108EGN-1#PBF New Comment=LTC3108EGN#PBF
Change Managed Component Library Link : Designator=U1 Old VaultGUID=B7D15EC3-160A-466F-A46C-7801FE6295A7 New VaultGUID=B7D15EC3-160A-466F-A46C-7801FE6295A7 Old ItemGUID=3E0C3043-3007-4D92-9FBA-72DCA4C05D19 New ItemGUID=9EF1FCA3-B8F7-4895-B1D7-E87082B82DA2 Old RevisionGUID=BAAF976C-5FBC-4F97-9018-643DB9C9D78D New RevisionGUID=78349D3B-6DB6-411D-83DB-FA5609DC814F
Change component parameters: Designator = "U1" ("U1"); Footprint = "LT-GN-16_L"; UniqueID = "\IBVACHSL" ("\IBVACHSL")
Change component parameters (AddParameter): Name = "ComponentLink1Description"; Value = "Manufacturer URL"; VariantName = "[No Variations]"
Change component parameters (AddParameter): Name = "ComponentLink1URL"; Value = "http://www.linear.com/"; VariantName = "[No Variations]"
Change component parameters (AddParameter): Name = "ComponentLink2Description"; Value = "Datasheet"; VariantName = "[No Variations]"
Change component parameters (AddParameter): Name = "ComponentLink2URL"; Value = "http://cds.linear.com/docs/en/datasheet/3108fb.pdf"; VariantName = "[No Variations]"
Change component parameters (AddParameter): Name = "ComponentLink3Description"; Value = "Package Specification"; VariantName = "[No Variations]"
Change component parameters (AddParameter): Name = "ComponentLink3URL"; Value = "http://cds.linear.com/docs/en/packaging/05081641_B_GN16.pdf"; VariantName = "[No Variations]"
Change component parameters (AddParameter): Name = "DatasheetVersion"; Value = "Rev. B"; VariantName = "[No Variations]"
Change component parameters (AddParameter): Name = "Energy Source"; Value = "Thermoelectric"; VariantName = "[No Variations]"
Change component parameters (AddParameter): Name = "Manufacturer"; Value = "Linear Technology"; VariantName = "[No Variations]"
Change component parameters (AddParameter): Name = "Mounting Technology"; Value = "Surface Mount"; VariantName = "[No Variations]"
Change component parameters (AddParameter): Name = "Number of Outputs"; Value = "3"; VariantName = "[No Variations]"
Change component parameters (AddParameter): Name = "PackageDescription"; Value = "16-Pin Plastic SSOP, Body 4.9 x 3.9 mm, Pitch 0.635 mm"; VariantName = "[No Variations]"
Change component parameters (AddParameter): Name = "PackageReference"; Value = "GN-16"; VariantName = "[No Variations]"
Change component parameters (AddParameter): Name = "PackageVersion"; Value = "Rev. B, 03/2012"; VariantName = "[No Variations]"
Change component parameters (AddParameter): Name = "PartNumber"; Value = "LTC3108EGN#PBF"; VariantName = "[No Variations]"
Change component parameters (AddParameter): Name = "RoHS"; Value = "TRUE"; VariantName = "[No Variations]"
Change component parameters (AddParameter): Name = "Topology"; Value = "Boost, LDO"; VariantName = "[No Variations]"
Change component parameters (AddParameter): Name = "Vin Max(V)"; Value = "0.5"; VariantName = "[No Variations]"
Change component parameters (AddParameter): Name = "Vin Min(V)"; Value = "0.02"; VariantName = "[No Variations]"
Change component parameters (AddParameter): Name = "Vout Max(V)"; Value = "5"; VariantName = "[No Variations]"
Added Pin To Net: NetName=GND Pin=U1-1
Added Pin To Net: NetName=NetJ6_1 Pin=U1-3
Added Pin To Net: NetName=NetJ3_1 Pin=U1-4
Added Pin To Net: NetName=NetJ4_1 Pin=U1-7
Added Pin To Net: NetName=GND Pin=U1-8
Added Pin To Net: NetName=GND Pin=U1-9
Added Pin To Net: NetName=VS2 Pin=U1-10
Added Pin To Net: NetName=VS1 Pin=U1-11
Added Pin To Net: NetName=NetC1_2 Pin=U1-13
Added Pin To Net: NetName=NetC2_2 Pin=U1-14
Added Pin To Net: NetName=NetT1_2 Pin=U1-15
Added Pin To Net: NetName=GND Pin=U1-16
Added Pin To Net: NetName=NetC4_1 Pin=C4-1
Added Pin To Net: NetName=NetC4_1 Pin=U1-2
Added Net: Name=NetC4_1
Added Room: Name=Esquematico
